2022-09-11 19:52:04,679 INFO org.springframework.boot.StartupInfoLogger [main] Starting TokenProviderApplication using Java 11.0.16 on lnb028469cps with PID 1379917 (/home/vbotelho/Documentos/projetosEclipse/Projeto-MyMusic/projetct-myMusic-toTal/TokenProvider/target/classes started by CIANDT\vbotelho in /home/vbotelho/Documentos/projetosEclipse/Projeto-MyMusic/projetct-myMusic-toTal/TokenProvider)
2022-09-11 19:52:04,684 INFO org.springframework.boot.SpringApplication [main] No active profile set, falling back to default profiles: default
2022-09-11 19:52:05,848 INFO org.springframework.boot.web.embedded.tomcat.TomcatWebServer [main] Tomcat initialized with port(s): 8081 (http)
2022-09-11 19:52:05,863 INFO org.apache.juli.logging.DirectJDKLog [main] Initializing ProtocolHandler ["http-nio-8081"]
2022-09-11 19:52:05,864 INFO org.apache.juli.logging.DirectJDKLog [main] Starting service [Tomcat]
2022-09-11 19:52:05,864 INFO org.apache.juli.logging.DirectJDKLog [main] Starting Servlet engine: [Apache Tomcat/9.0.56]
2022-09-11 19:52:05,937 INFO org.apache.juli.logging.DirectJDKLog [main] Initializing Spring embedded WebApplicationContext
2022-09-11 19:52:05,938 INFO org.springframework.boot.web.servlet.context.ServletWebServerApplicationContext [main] Root WebApplicationContext: initialization completed in 1182 ms
2022-09-11 19:52:06,508 INFO org.springframework.boot.actuate.endpoint.web.EndpointLinksResolver [main] Exposing 1 endpoint(s) beneath base path '/actuator'
2022-09-11 19:52:06,551 INFO org.apache.juli.logging.DirectJDKLog [main] Starting ProtocolHandler ["http-nio-8081"]
2022-09-11 19:52:06,572 INFO org.springframework.boot.web.embedded.tomcat.TomcatWebServer [main] Tomcat started on port(s): 8081 (http) with context path ''
2022-09-11 19:52:06,589 INFO org.springframework.boot.StartupInfoLogger [main] Started TokenProviderApplication in 2.364 seconds (JVM running for 2.988)
2022-09-11 19:52:23,181 INFO org.apache.juli.logging.DirectJDKLog [http-nio-8081-exec-2] Initializing Spring DispatcherServlet 'dispatcherServlet'
2022-09-11 19:52:23,182 INFO org.springframework.web.servlet.FrameworkServlet [http-nio-8081-exec-2] Initializing Servlet 'dispatcherServlet'
2022-09-11 19:52:23,188 INFO org.springframework.web.servlet.FrameworkServlet [http-nio-8081-exec-2] Completed initialization in 4 ms
2022-09-11 19:52:23,439 INFO com.ciandt.token.provider.controllers.TokenController [http-nio-8081-exec-2] Recebido requisição para criação de token para chave: Vitor
2022-09-11 19:52:23,558 INFO com.ciandt.token.provider.controllers.TokenController [http-nio-8081-exec-2] Token gerado com sucesso
2022-09-11 19:54:34,014 INFO com.ciandt.token.provider.controllers.TokenAuthorizerController [http-nio-8081-exec-8] Recebido requisição para geração de token: Vitor
2022-09-11 19:54:34,022 INFO com.ciandt.token.provider.controllers.TokenAuthorizerController [http-nio-8081-exec-8] Token validado com sucesso
2022-09-11 19:54:34,199 INFO com.ciandt.token.provider.controllers.TokenAuthorizerController [http-nio-8081-exec-9] Recebido requisição para geração de token: Vitor
2022-09-11 19:54:34,204 INFO com.ciandt.token.provider.controllers.TokenAuthorizerController [http-nio-8081-exec-9] Token validado com sucesso
2022-09-11 19:57:30,961 INFO com.ciandt.token.provider.controllers.TokenAuthorizerController [http-nio-8081-exec-2] Recebido requisição para geração de token: Vitor
2022-09-11 19:57:30,964 INFO com.ciandt.token.provider.controllers.TokenAuthorizerController [http-nio-8081-exec-2] Token validado com sucesso
2022-09-11 19:57:31,001 INFO com.ciandt.token.provider.controllers.TokenAuthorizerController [http-nio-8081-exec-3] Recebido requisição para geração de token: Vitor
2022-09-11 19:57:31,007 INFO com.ciandt.token.provider.controllers.TokenAuthorizerController [http-nio-8081-exec-3] Token validado com sucesso
2022-09-11 19:59:04,448 INFO com.ciandt.token.provider.controllers.TokenAuthorizerController [http-nio-8081-exec-5] Recebido requisição para geração de token: Vitor
2022-09-11 19:59:04,453 INFO com.ciandt.token.provider.controllers.TokenAuthorizerController [http-nio-8081-exec-5] Token validado com sucesso
2022-09-11 19:59:04,645 INFO com.ciandt.token.provider.controllers.TokenAuthorizerController [http-nio-8081-exec-6] Recebido requisição para geração de token: Vitor
2022-09-11 19:59:04,650 INFO com.ciandt.token.provider.controllers.TokenAuthorizerController [http-nio-8081-exec-6] Token validado com sucesso
2022-09-11 20:06:38,315 INFO com.ciandt.token.provider.controllers.TokenAuthorizerController [http-nio-8081-exec-8] Recebido requisição para geração de token: Vitor
2022-09-11 20:06:38,317 INFO com.ciandt.token.provider.controllers.TokenAuthorizerController [http-nio-8081-exec-8] Token validado com sucesso
2022-09-11 20:14:38,519 INFO com.ciandt.token.provider.controllers.TokenAuthorizerController [http-nio-8081-exec-10] Recebido requisição para geração de token: Vitor
2022-09-11 20:14:38,525 INFO com.ciandt.token.provider.controllers.TokenAuthorizerController [http-nio-8081-exec-10] Token validado com sucesso
2022-09-11 20:46:52,779 INFO com.ciandt.token.provider.controllers.TokenAuthorizerController [http-nio-8081-exec-2] Recebido requisição para geração de token: Naiane
2022-09-11 20:46:52,784 ERROR com.ciandt.token.provider.controllers.TokenAuthorizerController [http-nio-8081-exec-2] Requisição inválida: Token expirado
2022-09-11 20:47:13,304 INFO com.ciandt.token.provider.controllers.TokenAuthorizerController [http-nio-8081-exec-3] Recebido requisição para geração de token: Vitor
2022-09-11 20:47:13,311 INFO com.ciandt.token.provider.controllers.TokenAuthorizerController [http-nio-8081-exec-3] Token validado com sucesso
2022-09-11 20:47:45,711 INFO com.ciandt.token.provider.controllers.TokenAuthorizerController [http-nio-8081-exec-4] Recebido requisição para geração de token: Vitor
2022-09-11 20:47:45,717 INFO com.ciandt.token.provider.controllers.TokenAuthorizerController [http-nio-8081-exec-4] Token validado com sucesso
2022-09-11 20:50:45,195 INFO com.ciandt.token.provider.controllers.TokenAuthorizerController [http-nio-8081-exec-6] Recebido requisição para geração de token: Vitor
2022-09-11 20:50:45,200 INFO com.ciandt.token.provider.controllers.TokenAuthorizerController [http-nio-8081-exec-6] Token validado com sucesso
2022-09-11 20:58:16,353 INFO com.ciandt.token.provider.controllers.TokenAuthorizerController [http-nio-8081-exec-8] Recebido requisição para geração de token: Vitor
2022-09-11 20:58:16,359 ERROR com.ciandt.token.provider.controllers.TokenAuthorizerController [http-nio-8081-exec-8] Requisição inválida: Token expirado
2022-09-11 20:58:36,013 INFO com.ciandt.token.provider.controllers.TokenController [http-nio-8081-exec-10] Recebido requisição para criação de token para chave: Vitor
2022-09-11 20:58:36,018 INFO com.ciandt.token.provider.controllers.TokenController [http-nio-8081-exec-10] Token gerado com sucesso
2022-09-11 20:59:03,990 INFO com.ciandt.token.provider.controllers.TokenController [http-nio-8081-exec-1] Recebido requisição para criação de token para chave: Vitor
2022-09-11 20:59:04,001 INFO com.ciandt.token.provider.controllers.TokenController [http-nio-8081-exec-1] Token gerado com sucesso
2022-09-11 20:59:22,849 INFO com.ciandt.token.provider.controllers.TokenController [http-nio-8081-exec-2] Recebido requisição para criação de token para chave: Vitor
2022-09-11 20:59:22,856 INFO com.ciandt.token.provider.controllers.TokenController [http-nio-8081-exec-2] Token gerado com sucesso
2022-09-11 20:59:48,513 INFO com.ciandt.token.provider.controllers.TokenAuthorizerController [http-nio-8081-exec-3] Recebido requisição para geração de token: Vitor
2022-09-11 20:59:48,519 INFO com.ciandt.token.provider.controllers.TokenAuthorizerController [http-nio-8081-exec-3] Token validado com sucesso
2022-09-11 21:02:16,640 INFO com.ciandt.token.provider.controllers.TokenAuthorizerController [http-nio-8081-exec-6] Recebido requisição para geração de token: Vitor
2022-09-11 21:02:16,645 INFO com.ciandt.token.provider.controllers.TokenAuthorizerController [http-nio-8081-exec-6] Token validado com sucesso
2022-09-11 21:02:57,307 INFO com.ciandt.token.provider.controllers.TokenAuthorizerController [http-nio-8081-exec-7] Recebido requisição para geração de token: Vitor
2022-09-11 21:02:57,313 INFO com.ciandt.token.provider.controllers.TokenAuthorizerController [http-nio-8081-exec-7] Token validado com sucesso
2022-09-11 21:03:16,292 INFO com.ciandt.token.provider.controllers.TokenAuthorizerController [http-nio-8081-exec-8] Recebido requisição para geração de token: Vitor
2022-09-11 21:03:16,295 INFO com.ciandt.token.provider.controllers.TokenAuthorizerController [http-nio-8081-exec-8] Token validado com sucesso
2022-09-11 21:20:32,687 INFO com.ciandt.token.provider.controllers.TokenAuthorizerController [http-nio-8081-exec-10] Recebido requisição para geração de token: Vitor
2022-09-11 21:20:32,692 INFO com.ciandt.token.provider.controllers.TokenAuthorizerController [http-nio-8081-exec-10] Token validado com sucesso
