2022-09-07 19:18:40,724 INFO org.springframework.boot.StartupInfoLogger [main] Starting TokenProviderApplication using Java 11.0.16 on lnb028469cps with PID 854050 (/home/vbotelho/Documentos/projetosEclipse/Projeto-MyMusic/projetct-myMusic-toTal/TokenProvider/target/classes started by CIANDT\vbotelho in /home/vbotelho/Documentos/projetosEclipse/Projeto-MyMusic/projetct-myMusic-toTal/TokenProvider)
2022-09-07 19:18:40,730 INFO org.springframework.boot.SpringApplication [main] No active profile set, falling back to default profiles: default
2022-09-07 19:18:42,104 INFO org.springframework.boot.web.embedded.tomcat.TomcatWebServer [main] Tomcat initialized with port(s): 8081 (http)
2022-09-07 19:18:42,116 INFO org.apache.juli.logging.DirectJDKLog [main] Initializing ProtocolHandler ["http-nio-8081"]
2022-09-07 19:18:42,116 INFO org.apache.juli.logging.DirectJDKLog [main] Starting service [Tomcat]
2022-09-07 19:18:42,117 INFO org.apache.juli.logging.DirectJDKLog [main] Starting Servlet engine: [Apache Tomcat/9.0.56]
2022-09-07 19:18:42,185 INFO org.apache.juli.logging.DirectJDKLog [main] Initializing Spring embedded WebApplicationContext
2022-09-07 19:18:42,185 INFO org.springframework.boot.web.servlet.context.ServletWebServerApplicationContext [main] Root WebApplicationContext: initialization completed in 1346 ms
2022-09-07 19:18:42,748 INFO org.springframework.boot.actuate.endpoint.web.EndpointLinksResolver [main] Exposing 1 endpoint(s) beneath base path '/actuator'
2022-09-07 19:18:42,782 INFO org.apache.juli.logging.DirectJDKLog [main] Starting ProtocolHandler ["http-nio-8081"]
2022-09-07 19:18:42,790 WARN org.springframework.context.support.AbstractApplicationContext [main] Exception encountered during context initialization - cancelling refresh attempt: org.springframework.context.ApplicationContextException: Failed to start bean 'webServerStartStop'; nested exception is org.springframework.boot.web.server.WebServerException: Unable to start embedded Tomcat server
2022-09-07 19:18:42,797 INFO org.apache.juli.logging.DirectJDKLog [main] Pausing ProtocolHandler ["http-nio-8081"]
2022-09-07 19:18:42,798 INFO org.apache.juli.logging.DirectJDKLog [main] Stopping service [Tomcat]
2022-09-07 19:18:42,804 INFO org.apache.juli.logging.DirectJDKLog [main] Stopping ProtocolHandler ["http-nio-8081"]
2022-09-07 19:18:42,805 INFO org.apache.juli.logging.DirectJDKLog [main] Destroying ProtocolHandler ["http-nio-8081"]
2022-09-07 19:18:42,823 INFO org.springframework.boot.autoconfigure.logging.ConditionEvaluationReportLoggingListener [main] 

Error starting ApplicationContext. To display the conditions report re-run your application with 'debug' enabled.
2022-09-07 19:18:42,868 ERROR org.springframework.boot.SpringApplication [main] Application run failed
org.springframework.context.ApplicationContextException: Failed to start bean 'webServerStartStop'; nested exception is org.springframework.boot.web.server.WebServerException: Unable to start embedded Tomcat server
	at org.springframework.context.support.DefaultLifecycleProcessor.doStart(DefaultLifecycleProcessor.java:181)
	at org.springframework.context.support.DefaultLifecycleProcessor.access$200(DefaultLifecycleProcessor.java:54)
	at org.springframework.context.support.DefaultLifecycleProcessor$LifecycleGroup.start(DefaultLifecycleProcessor.java:356)
	at java.base/java.lang.Iterable.forEach(Iterable.java:75)
	at org.springframework.context.support.DefaultLifecycleProcessor.startBeans(DefaultLifecycleProcessor.java:155)
	at org.springframework.context.support.DefaultLifecycleProcessor.onRefresh(DefaultLifecycleProcessor.java:123)
	at org.springframework.context.support.AbstractApplicationContext.finishRefresh(AbstractApplicationContext.java:935)
	at org.springframework.context.support.AbstractApplicationContext.refresh(AbstractApplicationContext.java:586)
	at org.springframework.boot.web.servlet.context.ServletWebServerApplicationContext.refresh(ServletWebServerApplicationContext.java:145)
	at org.springframework.boot.SpringApplication.refresh(SpringApplication.java:732)
	at org.springframework.boot.SpringApplication.refreshContext(SpringApplication.java:414)
	at org.springframework.boot.SpringApplication.run(SpringApplication.java:302)
	at org.springframework.boot.SpringApplication.run(SpringApplication.java:1303)
	at org.springframework.boot.SpringApplication.run(SpringApplication.java:1292)
	at com.ciandt.token.provider.TokenProviderApplication.main(TokenProviderApplication.java:10)
Caused by: org.springframework.boot.web.server.WebServerException: Unable to start embedded Tomcat server
	at org.springframework.boot.web.embedded.tomcat.TomcatWebServer.start(TomcatWebServer.java:229)
	at org.springframework.boot.web.servlet.context.WebServerStartStopLifecycle.start(WebServerStartStopLifecycle.java:43)
	at org.springframework.context.support.DefaultLifecycleProcessor.doStart(DefaultLifecycleProcessor.java:178)
	... 14 common frames omitted
Caused by: java.lang.IllegalArgumentException: standardService.connector.startFailed
	at org.apache.catalina.core.StandardService.addConnector(StandardService.java:238)
	at org.springframework.boot.web.embedded.tomcat.TomcatWebServer.addPreviouslyRemovedConnectors(TomcatWebServer.java:282)
	at org.springframework.boot.web.embedded.tomcat.TomcatWebServer.start(TomcatWebServer.java:213)
	... 16 common frames omitted
Caused by: org.apache.catalina.LifecycleException: Protocol handler start failed
	at org.apache.catalina.connector.Connector.startInternal(Connector.java:1075)
	at org.apache.catalina.util.LifecycleBase.start(LifecycleBase.java:183)
	at org.apache.catalina.core.StandardService.addConnector(StandardService.java:234)
	... 18 common frames omitted
Caused by: java.net.BindException: Endereço já em uso
	at java.base/sun.nio.ch.Net.bind0(Native Method)
	at java.base/sun.nio.ch.Net.bind(Net.java:459)
	at java.base/sun.nio.ch.Net.bind(Net.java:448)
	at java.base/sun.nio.ch.ServerSocketChannelImpl.bind(ServerSocketChannelImpl.java:227)
	at org.apache.tomcat.util.net.NioEndpoint.initServerSocket(NioEndpoint.java:273)
	at org.apache.tomcat.util.net.NioEndpoint.bind(NioEndpoint.java:228)
	at org.apache.tomcat.util.net.AbstractEndpoint.bindWithCleanup(AbstractEndpoint.java:1213)
	at org.apache.tomcat.util.net.AbstractEndpoint.start(AbstractEndpoint.java:1299)
	at org.apache.coyote.AbstractProtocol.start(AbstractProtocol.java:614)
	at org.apache.catalina.connector.Connector.startInternal(Connector.java:1072)
	... 20 common frames omitted
2022-09-07 19:19:14,726 INFO org.springframework.boot.StartupInfoLogger [main] Starting TokenProviderApplication using Java 11.0.16 on lnb028469cps with PID 854158 (/home/vbotelho/Documentos/projetosEclipse/Projeto-MyMusic/projetct-myMusic-toTal/TokenProvider/target/classes started by CIANDT\vbotelho in /home/vbotelho/Documentos/projetosEclipse/Projeto-MyMusic/projetct-myMusic-toTal/TokenProvider)
2022-09-07 19:19:14,730 INFO org.springframework.boot.SpringApplication [main] No active profile set, falling back to default profiles: default
2022-09-07 19:19:15,895 INFO org.springframework.boot.web.embedded.tomcat.TomcatWebServer [main] Tomcat initialized with port(s): 8081 (http)
2022-09-07 19:19:15,904 INFO org.apache.juli.logging.DirectJDKLog [main] Initializing ProtocolHandler ["http-nio-8081"]
2022-09-07 19:19:15,905 INFO org.apache.juli.logging.DirectJDKLog [main] Starting service [Tomcat]
2022-09-07 19:19:15,905 INFO org.apache.juli.logging.DirectJDKLog [main] Starting Servlet engine: [Apache Tomcat/9.0.56]
2022-09-07 19:19:15,969 INFO org.apache.juli.logging.DirectJDKLog [main] Initializing Spring embedded WebApplicationContext
2022-09-07 19:19:15,970 INFO org.springframework.boot.web.servlet.context.ServletWebServerApplicationContext [main] Root WebApplicationContext: initialization completed in 1177 ms
2022-09-07 19:19:16,515 INFO org.springframework.boot.actuate.endpoint.web.EndpointLinksResolver [main] Exposing 1 endpoint(s) beneath base path '/actuator'
2022-09-07 19:19:16,540 INFO org.apache.juli.logging.DirectJDKLog [main] Starting ProtocolHandler ["http-nio-8081"]
2022-09-07 19:19:16,547 WARN org.springframework.context.support.AbstractApplicationContext [main] Exception encountered during context initialization - cancelling refresh attempt: org.springframework.context.ApplicationContextException: Failed to start bean 'webServerStartStop'; nested exception is org.springframework.boot.web.server.WebServerException: Unable to start embedded Tomcat server
2022-09-07 19:19:16,553 INFO org.apache.juli.logging.DirectJDKLog [main] Pausing ProtocolHandler ["http-nio-8081"]
2022-09-07 19:19:16,553 INFO org.apache.juli.logging.DirectJDKLog [main] Stopping service [Tomcat]
2022-09-07 19:19:16,558 INFO org.apache.juli.logging.DirectJDKLog [main] Stopping ProtocolHandler ["http-nio-8081"]
2022-09-07 19:19:16,560 INFO org.apache.juli.logging.DirectJDKLog [main] Destroying ProtocolHandler ["http-nio-8081"]
2022-09-07 19:19:16,572 INFO org.springframework.boot.autoconfigure.logging.ConditionEvaluationReportLoggingListener [main] 

Error starting ApplicationContext. To display the conditions report re-run your application with 'debug' enabled.
2022-09-07 19:19:16,587 ERROR org.springframework.boot.SpringApplication [main] Application run failed
org.springframework.context.ApplicationContextException: Failed to start bean 'webServerStartStop'; nested exception is org.springframework.boot.web.server.WebServerException: Unable to start embedded Tomcat server
	at org.springframework.context.support.DefaultLifecycleProcessor.doStart(DefaultLifecycleProcessor.java:181)
	at org.springframework.context.support.DefaultLifecycleProcessor.access$200(DefaultLifecycleProcessor.java:54)
	at org.springframework.context.support.DefaultLifecycleProcessor$LifecycleGroup.start(DefaultLifecycleProcessor.java:356)
	at java.base/java.lang.Iterable.forEach(Iterable.java:75)
	at org.springframework.context.support.DefaultLifecycleProcessor.startBeans(DefaultLifecycleProcessor.java:155)
	at org.springframework.context.support.DefaultLifecycleProcessor.onRefresh(DefaultLifecycleProcessor.java:123)
	at org.springframework.context.support.AbstractApplicationContext.finishRefresh(AbstractApplicationContext.java:935)
	at org.springframework.context.support.AbstractApplicationContext.refresh(AbstractApplicationContext.java:586)
	at org.springframework.boot.web.servlet.context.ServletWebServerApplicationContext.refresh(ServletWebServerApplicationContext.java:145)
	at org.springframework.boot.SpringApplication.refresh(SpringApplication.java:732)
	at org.springframework.boot.SpringApplication.refreshContext(SpringApplication.java:414)
	at org.springframework.boot.SpringApplication.run(SpringApplication.java:302)
	at org.springframework.boot.SpringApplication.run(SpringApplication.java:1303)
	at org.springframework.boot.SpringApplication.run(SpringApplication.java:1292)
	at com.ciandt.token.provider.TokenProviderApplication.main(TokenProviderApplication.java:10)
Caused by: org.springframework.boot.web.server.WebServerException: Unable to start embedded Tomcat server
	at org.springframework.boot.web.embedded.tomcat.TomcatWebServer.start(TomcatWebServer.java:229)
	at org.springframework.boot.web.servlet.context.WebServerStartStopLifecycle.start(WebServerStartStopLifecycle.java:43)
	at org.springframework.context.support.DefaultLifecycleProcessor.doStart(DefaultLifecycleProcessor.java:178)
	... 14 common frames omitted
Caused by: java.lang.IllegalArgumentException: standardService.connector.startFailed
	at org.apache.catalina.core.StandardService.addConnector(StandardService.java:238)
	at org.springframework.boot.web.embedded.tomcat.TomcatWebServer.addPreviouslyRemovedConnectors(TomcatWebServer.java:282)
	at org.springframework.boot.web.embedded.tomcat.TomcatWebServer.start(TomcatWebServer.java:213)
	... 16 common frames omitted
Caused by: org.apache.catalina.LifecycleException: Protocol handler start failed
	at org.apache.catalina.connector.Connector.startInternal(Connector.java:1075)
	at org.apache.catalina.util.LifecycleBase.start(LifecycleBase.java:183)
	at org.apache.catalina.core.StandardService.addConnector(StandardService.java:234)
	... 18 common frames omitted
Caused by: java.net.BindException: Endereço já em uso
	at java.base/sun.nio.ch.Net.bind0(Native Method)
	at java.base/sun.nio.ch.Net.bind(Net.java:459)
	at java.base/sun.nio.ch.Net.bind(Net.java:448)
	at java.base/sun.nio.ch.ServerSocketChannelImpl.bind(ServerSocketChannelImpl.java:227)
	at org.apache.tomcat.util.net.NioEndpoint.initServerSocket(NioEndpoint.java:273)
	at org.apache.tomcat.util.net.NioEndpoint.bind(NioEndpoint.java:228)
	at org.apache.tomcat.util.net.AbstractEndpoint.bindWithCleanup(AbstractEndpoint.java:1213)
	at org.apache.tomcat.util.net.AbstractEndpoint.start(AbstractEndpoint.java:1299)
	at org.apache.coyote.AbstractProtocol.start(AbstractProtocol.java:614)
	at org.apache.catalina.connector.Connector.startInternal(Connector.java:1072)
	... 20 common frames omitted
2022-09-07 19:19:39,572 INFO org.springframework.test.context.support.AbstractTestContextBootstrapper [main] Neither @ContextConfiguration nor @ContextHierarchy found for test class [com.ciandt.token.provider.TokenProviderApplicationTests], using SpringBootContextLoader
2022-09-07 19:19:39,587 INFO org.springframework.test.context.support.AbstractContextLoader [main] Could not detect default resource locations for test class [com.ciandt.token.provider.TokenProviderApplicationTests]: no resource found for suffixes {-context.xml, Context.groovy}.
2022-09-07 19:19:39,591 INFO org.springframework.test.context.support.AnnotationConfigContextLoaderUtils [main] Could not detect default configuration classes for test class [com.ciandt.token.provider.TokenProviderApplicationTests]: TokenProviderApplicationTests does not declare any static, non-private, non-final, nested classes annotated with @Configuration.
2022-09-07 19:19:39,725 INFO org.springframework.boot.test.context.SpringBootTestContextBootstrapper [main] Found @SpringBootConfiguration com.ciandt.token.provider.TokenProviderApplication for test class com.ciandt.token.provider.TokenProviderApplicationTests
2022-09-07 19:19:39,822 INFO org.springframework.test.context.support.AbstractTestContextBootstrapper [main] Loaded default TestExecutionListener class names from location [META-INF/spring.factories]: [org.springframework.boot.test.mock.mockito.MockitoTestExecutionListener, org.springframework.boot.test.mock.mockito.ResetMocksTestExecutionListener, org.springframework.boot.test.autoconfigure.restdocs.RestDocsTestExecutionListener, org.springframework.boot.test.autoconfigure.web.client.MockRestServiceServerResetTestExecutionListener, org.springframework.boot.test.autoconfigure.web.servlet.MockMvcPrintOnlyOnFailureTestExecutionListener, org.springframework.boot.test.autoconfigure.web.servlet.WebDriverTestExecutionListener, org.springframework.boot.test.autoconfigure.webservices.client.MockWebServiceServerTestExecutionListener, org.springframework.test.context.web.ServletTestExecutionListener, org.springframework.test.context.support.DirtiesContextBeforeModesTestExecutionListener, org.springframework.test.context.event.ApplicationEventsTestExecutionListener, org.springframework.test.context.support.DependencyInjectionTestExecutionListener, org.springframework.test.context.support.DirtiesContextTestExecutionListener, org.springframework.test.context.transaction.TransactionalTestExecutionListener, org.springframework.test.context.jdbc.SqlScriptsTestExecutionListener, org.springframework.test.context.event.EventPublishingTestExecutionListener]
2022-09-07 19:19:39,839 INFO org.springframework.test.context.support.AbstractTestContextBootstrapper [main] Using TestExecutionListeners: [org.springframework.test.context.web.ServletTestExecutionListener@732f29af, org.springframework.test.context.support.DirtiesContextBeforeModesTestExecutionListener@d3957fe, org.springframework.test.context.event.ApplicationEventsTestExecutionListener@6622fc65, org.springframework.boot.test.mock.mockito.MockitoTestExecutionListener@299321e2, org.springframework.boot.test.autoconfigure.SpringBootDependencyInjectionTestExecutionListener@23fb172e, org.springframework.test.context.support.DirtiesContextTestExecutionListener@64ba3208, org.springframework.test.context.event.EventPublishingTestExecutionListener@158a3b2e, org.springframework.boot.test.mock.mockito.ResetMocksTestExecutionListener@25a6944c, org.springframework.boot.test.autoconfigure.restdocs.RestDocsTestExecutionListener@5e1fa5b1, org.springframework.boot.test.autoconfigure.web.client.MockRestServiceServerResetTestExecutionListener@6b00f608, org.springframework.boot.test.autoconfigure.web.servlet.MockMvcPrintOnlyOnFailureTestExecutionListener@2f17e30d, org.springframework.boot.test.autoconfigure.web.servlet.WebDriverTestExecutionListener@3e821657, org.springframework.boot.test.autoconfigure.webservices.client.MockWebServiceServerTestExecutionListener@1d131e1b]
2022-09-07 19:19:40,182 INFO org.springframework.boot.StartupInfoLogger [main] Starting TokenProviderApplicationTests using Java 11.0.16 on lnb028469cps with PID 854400 (started by CIANDT\vbotelho in /home/vbotelho/Documentos/projetosEclipse/Projeto-MyMusic/projetct-myMusic-toTal/TokenProvider)
2022-09-07 19:19:40,184 INFO org.springframework.boot.SpringApplication [main] No active profile set, falling back to default profiles: default
2022-09-07 19:19:42,011 INFO org.springframework.boot.actuate.endpoint.web.EndpointLinksResolver [main] Exposing 1 endpoint(s) beneath base path '/actuator'
2022-09-07 19:19:42,091 INFO org.springframework.boot.StartupInfoLogger [main] Started TokenProviderApplicationTests in 2.193 seconds (JVM running for 3.307)
2022-09-07 19:20:18,560 INFO org.springframework.boot.StartupInfoLogger [main] Starting TokenProviderApplication using Java 11.0.16 on lnb028469cps with PID 854701 (/home/vbotelho/Documentos/projetosEclipse/Projeto-MyMusic/projetct-myMusic-toTal/TokenProvider/target/classes started by CIANDT\vbotelho in /home/vbotelho/Documentos/projetosEclipse/Projeto-MyMusic/projetct-myMusic-toTal/TokenProvider)
2022-09-07 19:20:18,567 INFO org.springframework.boot.SpringApplication [main] No active profile set, falling back to default profiles: default
2022-09-07 19:20:19,912 INFO org.springframework.boot.web.embedded.tomcat.TomcatWebServer [main] Tomcat initialized with port(s): 8081 (http)
2022-09-07 19:20:19,927 INFO org.apache.juli.logging.DirectJDKLog [main] Initializing ProtocolHandler ["http-nio-8081"]
2022-09-07 19:20:19,929 INFO org.apache.juli.logging.DirectJDKLog [main] Starting service [Tomcat]
2022-09-07 19:20:19,930 INFO org.apache.juli.logging.DirectJDKLog [main] Starting Servlet engine: [Apache Tomcat/9.0.56]
2022-09-07 19:20:20,030 INFO org.apache.juli.logging.DirectJDKLog [main] Initializing Spring embedded WebApplicationContext
2022-09-07 19:20:20,030 INFO org.springframework.boot.web.servlet.context.ServletWebServerApplicationContext [main] Root WebApplicationContext: initialization completed in 1405 ms
2022-09-07 19:20:20,668 INFO org.springframework.boot.actuate.endpoint.web.EndpointLinksResolver [main] Exposing 1 endpoint(s) beneath base path '/actuator'
2022-09-07 19:20:20,700 INFO org.apache.juli.logging.DirectJDKLog [main] Starting ProtocolHandler ["http-nio-8081"]
2022-09-07 19:20:20,709 WARN org.springframework.context.support.AbstractApplicationContext [main] Exception encountered during context initialization - cancelling refresh attempt: org.springframework.context.ApplicationContextException: Failed to start bean 'webServerStartStop'; nested exception is org.springframework.boot.web.server.WebServerException: Unable to start embedded Tomcat server
2022-09-07 19:20:20,715 INFO org.apache.juli.logging.DirectJDKLog [main] Pausing ProtocolHandler ["http-nio-8081"]
2022-09-07 19:20:20,716 INFO org.apache.juli.logging.DirectJDKLog [main] Stopping service [Tomcat]
2022-09-07 19:20:20,724 INFO org.apache.juli.logging.DirectJDKLog [main] Stopping ProtocolHandler ["http-nio-8081"]
2022-09-07 19:20:20,725 INFO org.apache.juli.logging.DirectJDKLog [main] Destroying ProtocolHandler ["http-nio-8081"]
2022-09-07 19:20:20,742 INFO org.springframework.boot.autoconfigure.logging.ConditionEvaluationReportLoggingListener [main] 

Error starting ApplicationContext. To display the conditions report re-run your application with 'debug' enabled.
2022-09-07 19:20:20,766 ERROR org.springframework.boot.SpringApplication [main] Application run failed
org.springframework.context.ApplicationContextException: Failed to start bean 'webServerStartStop'; nested exception is org.springframework.boot.web.server.WebServerException: Unable to start embedded Tomcat server
	at org.springframework.context.support.DefaultLifecycleProcessor.doStart(DefaultLifecycleProcessor.java:181)
	at org.springframework.context.support.DefaultLifecycleProcessor.access$200(DefaultLifecycleProcessor.java:54)
	at org.springframework.context.support.DefaultLifecycleProcessor$LifecycleGroup.start(DefaultLifecycleProcessor.java:356)
	at java.base/java.lang.Iterable.forEach(Iterable.java:75)
	at org.springframework.context.support.DefaultLifecycleProcessor.startBeans(DefaultLifecycleProcessor.java:155)
	at org.springframework.context.support.DefaultLifecycleProcessor.onRefresh(DefaultLifecycleProcessor.java:123)
	at org.springframework.context.support.AbstractApplicationContext.finishRefresh(AbstractApplicationContext.java:935)
	at org.springframework.context.support.AbstractApplicationContext.refresh(AbstractApplicationContext.java:586)
	at org.springframework.boot.web.servlet.context.ServletWebServerApplicationContext.refresh(ServletWebServerApplicationContext.java:145)
	at org.springframework.boot.SpringApplication.refresh(SpringApplication.java:732)
	at org.springframework.boot.SpringApplication.refreshContext(SpringApplication.java:414)
	at org.springframework.boot.SpringApplication.run(SpringApplication.java:302)
	at org.springframework.boot.SpringApplication.run(SpringApplication.java:1303)
	at org.springframework.boot.SpringApplication.run(SpringApplication.java:1292)
	at com.ciandt.token.provider.TokenProviderApplication.main(TokenProviderApplication.java:10)
Caused by: org.springframework.boot.web.server.WebServerException: Unable to start embedded Tomcat server
	at org.springframework.boot.web.embedded.tomcat.TomcatWebServer.start(TomcatWebServer.java:229)
	at org.springframework.boot.web.servlet.context.WebServerStartStopLifecycle.start(WebServerStartStopLifecycle.java:43)
	at org.springframework.context.support.DefaultLifecycleProcessor.doStart(DefaultLifecycleProcessor.java:178)
	... 14 common frames omitted
Caused by: java.lang.IllegalArgumentException: standardService.connector.startFailed
	at org.apache.catalina.core.StandardService.addConnector(StandardService.java:238)
	at org.springframework.boot.web.embedded.tomcat.TomcatWebServer.addPreviouslyRemovedConnectors(TomcatWebServer.java:282)
	at org.springframework.boot.web.embedded.tomcat.TomcatWebServer.start(TomcatWebServer.java:213)
	... 16 common frames omitted
Caused by: org.apache.catalina.LifecycleException: Protocol handler start failed
	at org.apache.catalina.connector.Connector.startInternal(Connector.java:1075)
	at org.apache.catalina.util.LifecycleBase.start(LifecycleBase.java:183)
	at org.apache.catalina.core.StandardService.addConnector(StandardService.java:234)
	... 18 common frames omitted
Caused by: java.net.BindException: Endereço já em uso
	at java.base/sun.nio.ch.Net.bind0(Native Method)
	at java.base/sun.nio.ch.Net.bind(Net.java:459)
	at java.base/sun.nio.ch.Net.bind(Net.java:448)
	at java.base/sun.nio.ch.ServerSocketChannelImpl.bind(ServerSocketChannelImpl.java:227)
	at org.apache.tomcat.util.net.NioEndpoint.initServerSocket(NioEndpoint.java:273)
	at org.apache.tomcat.util.net.NioEndpoint.bind(NioEndpoint.java:228)
	at org.apache.tomcat.util.net.AbstractEndpoint.bindWithCleanup(AbstractEndpoint.java:1213)
	at org.apache.tomcat.util.net.AbstractEndpoint.start(AbstractEndpoint.java:1299)
	at org.apache.coyote.AbstractProtocol.start(AbstractProtocol.java:614)
	at org.apache.catalina.connector.Connector.startInternal(Connector.java:1072)
	... 20 common frames omitted
2022-09-07 19:20:53,804 INFO org.springframework.boot.StartupInfoLogger [main] Starting TokenProviderApplication using Java 11.0.16 on lnb028469cps with PID 854829 (/home/vbotelho/Documentos/projetosEclipse/Projeto-MyMusic/projetct-myMusic-toTal/TokenProvider/target/classes started by CIANDT\vbotelho in /home/vbotelho/Documentos/projetosEclipse/Projeto-MyMusic/projetct-myMusic-toTal/TokenProvider)
2022-09-07 19:20:53,808 INFO org.springframework.boot.SpringApplication [main] No active profile set, falling back to default profiles: default
2022-09-07 19:20:55,125 INFO org.springframework.boot.web.embedded.tomcat.TomcatWebServer [main] Tomcat initialized with port(s): 8081 (http)
2022-09-07 19:20:55,138 INFO org.apache.juli.logging.DirectJDKLog [main] Initializing ProtocolHandler ["http-nio-8081"]
2022-09-07 19:20:55,138 INFO org.apache.juli.logging.DirectJDKLog [main] Starting service [Tomcat]
2022-09-07 19:20:55,139 INFO org.apache.juli.logging.DirectJDKLog [main] Starting Servlet engine: [Apache Tomcat/9.0.56]
2022-09-07 19:20:55,210 INFO org.apache.juli.logging.DirectJDKLog [main] Initializing Spring embedded WebApplicationContext
2022-09-07 19:20:55,211 INFO org.springframework.boot.web.servlet.context.ServletWebServerApplicationContext [main] Root WebApplicationContext: initialization completed in 1338 ms
2022-09-07 19:20:55,848 INFO org.springframework.boot.actuate.endpoint.web.EndpointLinksResolver [main] Exposing 1 endpoint(s) beneath base path '/actuator'
2022-09-07 19:20:55,875 INFO org.apache.juli.logging.DirectJDKLog [main] Starting ProtocolHandler ["http-nio-8081"]
2022-09-07 19:20:55,883 WARN org.springframework.context.support.AbstractApplicationContext [main] Exception encountered during context initialization - cancelling refresh attempt: org.springframework.context.ApplicationContextException: Failed to start bean 'webServerStartStop'; nested exception is org.springframework.boot.web.server.WebServerException: Unable to start embedded Tomcat server
2022-09-07 19:20:55,889 INFO org.apache.juli.logging.DirectJDKLog [main] Pausing ProtocolHandler ["http-nio-8081"]
2022-09-07 19:20:55,889 INFO org.apache.juli.logging.DirectJDKLog [main] Stopping service [Tomcat]
2022-09-07 19:20:55,895 INFO org.apache.juli.logging.DirectJDKLog [main] Stopping ProtocolHandler ["http-nio-8081"]
2022-09-07 19:20:55,895 INFO org.apache.juli.logging.DirectJDKLog [main] Destroying ProtocolHandler ["http-nio-8081"]
2022-09-07 19:20:55,914 INFO org.springframework.boot.autoconfigure.logging.ConditionEvaluationReportLoggingListener [main] 

Error starting ApplicationContext. To display the conditions report re-run your application with 'debug' enabled.
2022-09-07 19:20:55,935 ERROR org.springframework.boot.SpringApplication [main] Application run failed
org.springframework.context.ApplicationContextException: Failed to start bean 'webServerStartStop'; nested exception is org.springframework.boot.web.server.WebServerException: Unable to start embedded Tomcat server
	at org.springframework.context.support.DefaultLifecycleProcessor.doStart(DefaultLifecycleProcessor.java:181)
	at org.springframework.context.support.DefaultLifecycleProcessor.access$200(DefaultLifecycleProcessor.java:54)
	at org.springframework.context.support.DefaultLifecycleProcessor$LifecycleGroup.start(DefaultLifecycleProcessor.java:356)
	at java.base/java.lang.Iterable.forEach(Iterable.java:75)
	at org.springframework.context.support.DefaultLifecycleProcessor.startBeans(DefaultLifecycleProcessor.java:155)
	at org.springframework.context.support.DefaultLifecycleProcessor.onRefresh(DefaultLifecycleProcessor.java:123)
	at org.springframework.context.support.AbstractApplicationContext.finishRefresh(AbstractApplicationContext.java:935)
	at org.springframework.context.support.AbstractApplicationContext.refresh(AbstractApplicationContext.java:586)
	at org.springframework.boot.web.servlet.context.ServletWebServerApplicationContext.refresh(ServletWebServerApplicationContext.java:145)
	at org.springframework.boot.SpringApplication.refresh(SpringApplication.java:732)
	at org.springframework.boot.SpringApplication.refreshContext(SpringApplication.java:414)
	at org.springframework.boot.SpringApplication.run(SpringApplication.java:302)
	at org.springframework.boot.SpringApplication.run(SpringApplication.java:1303)
	at org.springframework.boot.SpringApplication.run(SpringApplication.java:1292)
	at com.ciandt.token.provider.TokenProviderApplication.main(TokenProviderApplication.java:10)
Caused by: org.springframework.boot.web.server.WebServerException: Unable to start embedded Tomcat server
	at org.springframework.boot.web.embedded.tomcat.TomcatWebServer.start(TomcatWebServer.java:229)
	at org.springframework.boot.web.servlet.context.WebServerStartStopLifecycle.start(WebServerStartStopLifecycle.java:43)
	at org.springframework.context.support.DefaultLifecycleProcessor.doStart(DefaultLifecycleProcessor.java:178)
	... 14 common frames omitted
Caused by: java.lang.IllegalArgumentException: standardService.connector.startFailed
	at org.apache.catalina.core.StandardService.addConnector(StandardService.java:238)
	at org.springframework.boot.web.embedded.tomcat.TomcatWebServer.addPreviouslyRemovedConnectors(TomcatWebServer.java:282)
	at org.springframework.boot.web.embedded.tomcat.TomcatWebServer.start(TomcatWebServer.java:213)
	... 16 common frames omitted
Caused by: org.apache.catalina.LifecycleException: Protocol handler start failed
	at org.apache.catalina.connector.Connector.startInternal(Connector.java:1075)
	at org.apache.catalina.util.LifecycleBase.start(LifecycleBase.java:183)
	at org.apache.catalina.core.StandardService.addConnector(StandardService.java:234)
	... 18 common frames omitted
Caused by: java.net.BindException: Endereço já em uso
	at java.base/sun.nio.ch.Net.bind0(Native Method)
	at java.base/sun.nio.ch.Net.bind(Net.java:459)
	at java.base/sun.nio.ch.Net.bind(Net.java:448)
	at java.base/sun.nio.ch.ServerSocketChannelImpl.bind(ServerSocketChannelImpl.java:227)
	at org.apache.tomcat.util.net.NioEndpoint.initServerSocket(NioEndpoint.java:273)
	at org.apache.tomcat.util.net.NioEndpoint.bind(NioEndpoint.java:228)
	at org.apache.tomcat.util.net.AbstractEndpoint.bindWithCleanup(AbstractEndpoint.java:1213)
	at org.apache.tomcat.util.net.AbstractEndpoint.start(AbstractEndpoint.java:1299)
	at org.apache.coyote.AbstractProtocol.start(AbstractProtocol.java:614)
	at org.apache.catalina.connector.Connector.startInternal(Connector.java:1072)
	... 20 common frames omitted
2022-09-07 19:22:11,676 INFO org.springframework.boot.StartupInfoLogger [main] Starting TokenProviderApplication using Java 11.0.16 on lnb028469cps with PID 855280 (/home/vbotelho/Documentos/projetosEclipse/Projeto-MyMusic/projetct-myMusic-toTal/TokenProvider/target/classes started by CIANDT\vbotelho in /home/vbotelho/Documentos/projetosEclipse/Projeto-MyMusic/projetct-myMusic-toTal/TokenProvider)
2022-09-07 19:22:11,680 INFO org.springframework.boot.SpringApplication [main] No active profile set, falling back to default profiles: default
2022-09-07 19:22:12,931 INFO org.springframework.boot.web.embedded.tomcat.TomcatWebServer [main] Tomcat initialized with port(s): 8081 (http)
2022-09-07 19:22:12,943 INFO org.apache.juli.logging.DirectJDKLog [main] Initializing ProtocolHandler ["http-nio-8081"]
2022-09-07 19:22:12,944 INFO org.apache.juli.logging.DirectJDKLog [main] Starting service [Tomcat]
2022-09-07 19:22:12,945 INFO org.apache.juli.logging.DirectJDKLog [main] Starting Servlet engine: [Apache Tomcat/9.0.56]
2022-09-07 19:22:13,018 INFO org.apache.juli.logging.DirectJDKLog [main] Initializing Spring embedded WebApplicationContext
2022-09-07 19:22:13,018 INFO org.springframework.boot.web.servlet.context.ServletWebServerApplicationContext [main] Root WebApplicationContext: initialization completed in 1258 ms
2022-09-07 19:22:13,573 INFO org.springframework.boot.actuate.endpoint.web.EndpointLinksResolver [main] Exposing 1 endpoint(s) beneath base path '/actuator'
2022-09-07 19:22:13,596 INFO org.apache.juli.logging.DirectJDKLog [main] Starting ProtocolHandler ["http-nio-8081"]
2022-09-07 19:22:13,614 INFO org.springframework.boot.web.embedded.tomcat.TomcatWebServer [main] Tomcat started on port(s): 8081 (http) with context path ''
2022-09-07 19:22:13,632 INFO org.springframework.boot.StartupInfoLogger [main] Started TokenProviderApplication in 2.502 seconds (JVM running for 3.08)
2022-09-07 19:22:26,729 INFO org.apache.juli.logging.DirectJDKLog [http-nio-8081-exec-2] Initializing Spring DispatcherServlet 'dispatcherServlet'
2022-09-07 19:22:26,730 INFO org.springframework.web.servlet.FrameworkServlet [http-nio-8081-exec-2] Initializing Servlet 'dispatcherServlet'
2022-09-07 19:22:26,733 INFO org.springframework.web.servlet.FrameworkServlet [http-nio-8081-exec-2] Completed initialization in 2 ms
2022-09-07 19:22:26,990 INFO com.ciandt.token.provider.controllers.TokenController [http-nio-8081-exec-2] Recebido requisição para criação de token para chave: Vitor
2022-09-07 19:22:27,129 INFO com.ciandt.token.provider.controllers.TokenController [http-nio-8081-exec-2] Token gerado com sucesso
2022-09-07 19:23:03,773 INFO com.ciandt.token.provider.controllers.TokenAuthorizerController [http-nio-8081-exec-3] Recebido requisição para geração de token: Vitor
2022-09-07 19:23:03,782 INFO com.ciandt.token.provider.controllers.TokenAuthorizerController [http-nio-8081-exec-3] Token validado com sucesso
2022-09-07 19:25:59,303 INFO com.ciandt.token.provider.controllers.TokenAuthorizerController [http-nio-8081-exec-6] Recebido requisição para geração de token: Vitor
2022-09-07 19:25:59,307 INFO com.ciandt.token.provider.controllers.TokenAuthorizerController [http-nio-8081-exec-6] Token validado com sucesso
