2022-09-12 09:17:26,077 INFO com.ciandt.token.provider.controllers.TokenController [http-nio-8081-exec-3] Recebido requisição para criação de token para chave: Vitor
2022-09-12 09:17:26,084 INFO com.ciandt.token.provider.controllers.TokenController [http-nio-8081-exec-3] Token gerado com sucesso
2022-09-12 09:17:52,205 INFO com.ciandt.token.provider.controllers.TokenAuthorizerController [http-nio-8081-exec-4] Recebido requisição para geração de token: Vitor
2022-09-12 09:17:52,208 INFO com.ciandt.token.provider.controllers.TokenAuthorizerController [http-nio-8081-exec-4] Token validado com sucesso
2022-09-12 09:18:00,462 INFO com.ciandt.token.provider.controllers.TokenAuthorizerController [http-nio-8081-exec-5] Recebido requisição para geração de token: Vitor
2022-09-12 09:18:00,464 INFO com.ciandt.token.provider.controllers.TokenAuthorizerController [http-nio-8081-exec-5] Token validado com sucesso
2022-09-12 09:18:00,631 INFO com.ciandt.token.provider.controllers.TokenAuthorizerController [http-nio-8081-exec-6] Recebido requisição para geração de token: Vitor
2022-09-12 09:18:00,633 INFO com.ciandt.token.provider.controllers.TokenAuthorizerController [http-nio-8081-exec-6] Token validado com sucesso
2022-09-12 09:20:43,623 INFO com.ciandt.token.provider.controllers.TokenAuthorizerController [http-nio-8081-exec-9] Recebido requisição para geração de token: Vitor
2022-09-12 09:20:43,627 INFO com.ciandt.token.provider.controllers.TokenAuthorizerController [http-nio-8081-exec-9] Token validado com sucesso
2022-09-12 09:22:55,973 INFO com.ciandt.token.provider.controllers.TokenAuthorizerController [http-nio-8081-exec-1] Recebido requisição para geração de token: Vitor
2022-09-12 09:22:55,977 INFO com.ciandt.token.provider.controllers.TokenAuthorizerController [http-nio-8081-exec-1] Token validado com sucesso
2022-09-12 09:22:57,834 INFO com.ciandt.token.provider.controllers.TokenAuthorizerController [http-nio-8081-exec-2] Recebido requisição para geração de token: Vitor
2022-09-12 09:22:57,837 INFO com.ciandt.token.provider.controllers.TokenAuthorizerController [http-nio-8081-exec-2] Token validado com sucesso
2022-09-12 09:24:08,654 INFO com.ciandt.token.provider.controllers.TokenAuthorizerController [http-nio-8081-exec-4] Recebido requisição para geração de token: Vitor
2022-09-12 09:24:08,656 INFO com.ciandt.token.provider.controllers.TokenAuthorizerController [http-nio-8081-exec-4] Token validado com sucesso
2022-09-12 09:26:20,588 INFO com.ciandt.token.provider.controllers.TokenAuthorizerController [http-nio-8081-exec-6] Recebido requisição para geração de token: Vitor
2022-09-12 09:26:20,590 INFO com.ciandt.token.provider.controllers.TokenAuthorizerController [http-nio-8081-exec-6] Token validado com sucesso
2022-09-12 09:33:44,699 INFO com.ciandt.token.provider.controllers.TokenAuthorizerController [http-nio-8081-exec-8] Recebido requisição para geração de token: Vitor
2022-09-12 09:33:44,703 INFO com.ciandt.token.provider.controllers.TokenAuthorizerController [http-nio-8081-exec-8] Token validado com sucesso
2022-09-12 09:33:44,787 INFO com.ciandt.token.provider.controllers.TokenAuthorizerController [http-nio-8081-exec-9] Recebido requisição para geração de token: Vitor
2022-09-12 09:33:44,793 INFO com.ciandt.token.provider.controllers.TokenAuthorizerController [http-nio-8081-exec-9] Token validado com sucesso
2022-09-12 09:38:15,356 INFO com.ciandt.token.provider.controllers.TokenAuthorizerController [http-nio-8081-exec-1] Recebido requisição para geração de token: Vitor
2022-09-12 09:38:15,357 INFO com.ciandt.token.provider.controllers.TokenAuthorizerController [http-nio-8081-exec-1] Token validado com sucesso
2022-09-12 09:42:31,249 INFO com.ciandt.token.provider.controllers.TokenAuthorizerController [http-nio-8081-exec-3] Recebido requisição para geração de token: Vitor
2022-09-12 09:42:31,251 INFO com.ciandt.token.provider.controllers.TokenAuthorizerController [http-nio-8081-exec-3] Token validado com sucesso
2022-09-12 09:52:54,143 INFO com.ciandt.token.provider.controllers.TokenAuthorizerController [http-nio-8081-exec-5] Recebido requisição para geração de token: Vitor
2022-09-12 09:52:54,146 INFO com.ciandt.token.provider.controllers.TokenAuthorizerController [http-nio-8081-exec-5] Token validado com sucesso
2022-09-12 11:23:20,646 INFO com.ciandt.token.provider.controllers.TokenController [http-nio-8081-exec-8] Recebido requisição para criação de token para chave: Vitor
2022-09-12 11:23:20,659 INFO com.ciandt.token.provider.controllers.TokenController [http-nio-8081-exec-8] Token gerado com sucesso
2022-09-12 11:23:44,648 INFO com.ciandt.token.provider.controllers.TokenAuthorizerController [http-nio-8081-exec-9] Recebido requisição para geração de token: Vitor
2022-09-12 11:23:44,657 INFO com.ciandt.token.provider.controllers.TokenAuthorizerController [http-nio-8081-exec-9] Token validado com sucesso
2022-09-12 11:24:16,623 INFO com.ciandt.token.provider.controllers.TokenAuthorizerController [http-nio-8081-exec-10] Recebido requisição para geração de token: Vitor
2022-09-12 11:24:16,630 INFO com.ciandt.token.provider.controllers.TokenAuthorizerController [http-nio-8081-exec-10] Token validado com sucesso
2022-09-12 11:24:46,735 INFO com.ciandt.token.provider.controllers.TokenAuthorizerController [http-nio-8081-exec-2] Recebido requisição para geração de token: Vitor
2022-09-12 11:24:46,742 INFO com.ciandt.token.provider.controllers.TokenAuthorizerController [http-nio-8081-exec-2] Token validado com sucesso
2022-09-12 11:25:56,473 INFO com.ciandt.token.provider.controllers.TokenAuthorizerController [http-nio-8081-exec-4] Recebido requisição para geração de token: Vitor
2022-09-12 11:25:56,484 INFO com.ciandt.token.provider.controllers.TokenAuthorizerController [http-nio-8081-exec-4] Token validado com sucesso
2022-09-12 11:28:30,446 INFO com.ciandt.token.provider.controllers.TokenAuthorizerController [http-nio-8081-exec-6] Recebido requisição para geração de token: Vitor
2022-09-12 11:28:30,454 INFO com.ciandt.token.provider.controllers.TokenAuthorizerController [http-nio-8081-exec-6] Token validado com sucesso
2022-09-12 11:29:29,358 INFO com.ciandt.token.provider.controllers.TokenAuthorizerController [http-nio-8081-exec-7] Recebido requisição para geração de token: Vitor
2022-09-12 11:29:29,363 INFO com.ciandt.token.provider.controllers.TokenAuthorizerController [http-nio-8081-exec-7] Token validado com sucesso
2022-09-12 12:02:51,721 INFO com.ciandt.token.provider.controllers.TokenController [http-nio-8081-exec-10] Recebido requisição para criação de token para chave: Vitor
2022-09-12 12:02:51,773 INFO com.ciandt.token.provider.controllers.TokenController [http-nio-8081-exec-10] Token gerado com sucesso
2022-09-12 12:03:19,107 INFO com.ciandt.token.provider.controllers.TokenAuthorizerController [http-nio-8081-exec-1] Recebido requisição para geração de token: null
2022-09-12 12:03:19,266 ERROR org.apache.juli.logging.DirectJDKLog [http-nio-8081-exec-1] Servlet.service() for servlet [dispatcherServlet] in context with path [] threw exception [Request processing failed; nested exception is java.lang.IllegalArgumentException: Password cannot be set empty] with root cause
java.lang.IllegalArgumentException: Password cannot be set empty
	at org.jasypt.commons.CommonUtils.validateNotEmpty(CommonUtils.java:143)
	at org.jasypt.encryption.pbe.StandardPBEByteEncryptor.setPassword(StandardPBEByteEncryptor.java:322)
	at org.jasypt.encryption.pbe.StandardPBEStringEncryptor.setPassword(StandardPBEStringEncryptor.java:299)
	at com.ciandt.token.provider.services.EncryptServices.createEncryptor(EncryptServices.java:30)
	at com.ciandt.token.provider.services.EncryptServices.decrypt(EncryptServices.java:21)
	at com.ciandt.token.provider.core.usecases.CreateAuthorizerUseCase.execute(CreateAuthorizerUseCase.java:18)
	at com.ciandt.token.provider.controllers.TokenAuthorizerController.createTokenAuthorizer(TokenAuthorizerController.java:33)
	at jdk.internal.reflect.GeneratedMethodAccessor44.invoke(Unknown Source)
	at java.base/jdk.internal.reflect.DelegatingMethodAccessorImpl.invoke(DelegatingMethodAccessorImpl.java:43)
	at java.base/java.lang.reflect.Method.invoke(Method.java:566)
	at org.springframework.web.method.support.InvocableHandlerMethod.doInvoke(InvocableHandlerMethod.java:205)
	at org.springframework.web.method.support.InvocableHandlerMethod.invokeForRequest(InvocableHandlerMethod.java:150)
	at org.springframework.web.servlet.mvc.method.annotation.ServletInvocableHandlerMethod.invokeAndHandle(ServletInvocableHandlerMethod.java:117)
	at org.springframework.web.servlet.mvc.method.annotation.RequestMappingHandlerAdapter.invokeHandlerMethod(RequestMappingHandlerAdapter.java:895)
	at org.springframework.web.servlet.mvc.method.annotation.RequestMappingHandlerAdapter.handleInternal(RequestMappingHandlerAdapter.java:808)
	at org.springframework.web.servlet.mvc.method.AbstractHandlerMethodAdapter.handle(AbstractHandlerMethodAdapter.java:87)
	at org.springframework.web.servlet.DispatcherServlet.doDispatch(DispatcherServlet.java:1067)
	at org.springframework.web.servlet.DispatcherServlet.doService(DispatcherServlet.java:963)
	at org.springframework.web.servlet.FrameworkServlet.processRequest(FrameworkServlet.java:1006)
	at org.springframework.web.servlet.FrameworkServlet.doPost(FrameworkServlet.java:909)
	at javax.servlet.http.HttpServlet.service(HttpServlet.java:681)
	at org.springframework.web.servlet.FrameworkServlet.service(FrameworkServlet.java:883)
	at javax.servlet.http.HttpServlet.service(HttpServlet.java:764)
	at org.apache.catalina.core.ApplicationFilterChain.internalDoFilter(ApplicationFilterChain.java:227)
	at org.apache.catalina.core.ApplicationFilterChain.doFilter(ApplicationFilterChain.java:162)
	at org.apache.tomcat.websocket.server.WsFilter.doFilter(WsFilter.java:53)
	at org.apache.catalina.core.ApplicationFilterChain.internalDoFilter(ApplicationFilterChain.java:189)
	at org.apache.catalina.core.ApplicationFilterChain.doFilter(ApplicationFilterChain.java:162)
	at org.springframework.web.filter.RequestContextFilter.doFilterInternal(RequestContextFilter.java:100)
	at org.springframework.web.filter.OncePerRequestFilter.doFilter(OncePerRequestFilter.java:117)
	at org.apache.catalina.core.ApplicationFilterChain.internalDoFilter(ApplicationFilterChain.java:189)
	at org.apache.catalina.core.ApplicationFilterChain.doFilter(ApplicationFilterChain.java:162)
	at org.springframework.web.filter.FormContentFilter.doFilterInternal(FormContentFilter.java:93)
	at org.springframework.web.filter.OncePerRequestFilter.doFilter(OncePerRequestFilter.java:117)
	at org.apache.catalina.core.ApplicationFilterChain.internalDoFilter(ApplicationFilterChain.java:189)
	at org.apache.catalina.core.ApplicationFilterChain.doFilter(ApplicationFilterChain.java:162)
	at org.springframework.boot.actuate.metrics.web.servlet.WebMvcMetricsFilter.doFilterInternal(WebMvcMetricsFilter.java:96)
	at org.springframework.web.filter.OncePerRequestFilter.doFilter(OncePerRequestFilter.java:117)
	at org.apache.catalina.core.ApplicationFilterChain.internalDoFilter(ApplicationFilterChain.java:189)
	at org.apache.catalina.core.ApplicationFilterChain.doFilter(ApplicationFilterChain.java:162)
	at org.springframework.web.filter.CharacterEncodingFilter.doFilterInternal(CharacterEncodingFilter.java:201)
	at org.springframework.web.filter.OncePerRequestFilter.doFilter(OncePerRequestFilter.java:117)
	at org.apache.catalina.core.ApplicationFilterChain.internalDoFilter(ApplicationFilterChain.java:189)
	at org.apache.catalina.core.ApplicationFilterChain.doFilter(ApplicationFilterChain.java:162)
	at org.apache.catalina.core.StandardWrapperValve.invoke(StandardWrapperValve.java:197)
	at org.apache.catalina.core.StandardContextValve.invoke(StandardContextValve.java:97)
	at org.apache.catalina.authenticator.AuthenticatorBase.invoke(AuthenticatorBase.java:540)
	at org.apache.catalina.core.StandardHostValve.invoke(StandardHostValve.java:135)
	at org.apache.catalina.valves.ErrorReportValve.invoke(ErrorReportValve.java:92)
	at org.apache.catalina.core.StandardEngineValve.invoke(StandardEngineValve.java:78)
	at org.apache.catalina.connector.CoyoteAdapter.service(CoyoteAdapter.java:357)
	at org.apache.coyote.http11.Http11Processor.service(Http11Processor.java:382)
	at org.apache.coyote.AbstractProcessorLight.process(AbstractProcessorLight.java:65)
	at org.apache.coyote.AbstractProtocol$ConnectionHandler.process(AbstractProtocol.java:895)
	at org.apache.tomcat.util.net.NioEndpoint$SocketProcessor.doRun(NioEndpoint.java:1732)
	at org.apache.tomcat.util.net.SocketProcessorBase.run(SocketProcessorBase.java:49)
	at org.apache.tomcat.util.threads.ThreadPoolExecutor.runWorker(ThreadPoolExecutor.java:1191)
	at org.apache.tomcat.util.threads.ThreadPoolExecutor$Worker.run(ThreadPoolExecutor.java:659)
	at org.apache.tomcat.util.threads.TaskThread$WrappingRunnable.run(TaskThread.java:61)
	at java.base/java.lang.Thread.run(Thread.java:829)
2022-09-12 12:03:34,623 INFO com.ciandt.token.provider.controllers.TokenController [http-nio-8081-exec-2] Recebido requisição para criação de token para chave: Vitor
2022-09-12 12:03:34,628 INFO com.ciandt.token.provider.controllers.TokenController [http-nio-8081-exec-2] Token gerado com sucesso
2022-09-12 12:06:05,036 INFO com.ciandt.token.provider.controllers.TokenAuthorizerController [http-nio-8081-exec-4] Recebido requisição para geração de token: Vitor
2022-09-12 12:06:05,041 INFO com.ciandt.token.provider.controllers.TokenAuthorizerController [http-nio-8081-exec-4] Token validado com sucesso
2022-09-12 12:06:49,346 INFO com.ciandt.token.provider.controllers.TokenAuthorizerController [http-nio-8081-exec-5] Recebido requisição para geração de token: Vitor
2022-09-12 12:06:49,350 INFO com.ciandt.token.provider.controllers.TokenAuthorizerController [http-nio-8081-exec-5] Token validado com sucesso
2022-09-12 12:06:49,516 INFO com.ciandt.token.provider.controllers.TokenAuthorizerController [http-nio-8081-exec-6] Recebido requisição para geração de token: Vitor
2022-09-12 12:06:49,522 INFO com.ciandt.token.provider.controllers.TokenAuthorizerController [http-nio-8081-exec-6] Token validado com sucesso
2022-09-12 12:08:04,843 INFO com.ciandt.token.provider.controllers.TokenAuthorizerController [http-nio-8081-exec-8] Recebido requisição para geração de token: Vitor
2022-09-12 12:08:04,848 INFO com.ciandt.token.provider.controllers.TokenAuthorizerController [http-nio-8081-exec-8] Token validado com sucesso
2022-09-12 12:09:53,087 INFO com.ciandt.token.provider.controllers.TokenAuthorizerController [http-nio-8081-exec-10] Recebido requisição para geração de token: Vitor
2022-09-12 12:09:53,088 INFO com.ciandt.token.provider.controllers.TokenAuthorizerController [http-nio-8081-exec-10] Token validado com sucesso
2022-09-12 12:10:05,197 INFO com.ciandt.token.provider.controllers.TokenAuthorizerController [http-nio-8081-exec-1] Recebido requisição para geração de token: Vitor
2022-09-12 12:10:05,199 INFO com.ciandt.token.provider.controllers.TokenAuthorizerController [http-nio-8081-exec-1] Token validado com sucesso
2022-09-12 12:12:20,751 INFO com.ciandt.token.provider.controllers.TokenAuthorizerController [http-nio-8081-exec-3] Recebido requisição para geração de token: Vitor
2022-09-12 12:12:20,754 INFO com.ciandt.token.provider.controllers.TokenAuthorizerController [http-nio-8081-exec-3] Token validado com sucesso
2022-09-12 12:16:10,399 INFO com.ciandt.token.provider.controllers.TokenAuthorizerController [http-nio-8081-exec-5] Recebido requisição para geração de token: Vitor
2022-09-12 12:16:10,404 INFO com.ciandt.token.provider.controllers.TokenAuthorizerController [http-nio-8081-exec-5] Token validado com sucesso
2022-09-12 12:16:19,425 INFO com.ciandt.token.provider.controllers.TokenAuthorizerController [http-nio-8081-exec-6] Recebido requisição para geração de token: Vitor
2022-09-12 12:16:19,427 INFO com.ciandt.token.provider.controllers.TokenAuthorizerController [http-nio-8081-exec-6] Token validado com sucesso
